[debug] [2021-09-22T15:33:43.137Z] ----------------------------------------------------------------------
[debug] [2021-09-22T15:33:43.144Z] Command:       C:\Program Files\nodejs\node.exe C:\Users\guillermo.andrade01\AppData\Roaming\npm\node_modules\firebase-tools\lib\bin\firebase.js init
[debug] [2021-09-22T15:33:43.145Z] CLI Version:   9.18.0
[debug] [2021-09-22T15:33:43.145Z] Platform:      win32
[debug] [2021-09-22T15:33:43.145Z] Node Version:  v14.17.6
[debug] [2021-09-22T15:33:43.149Z] Time:          Wed Sep 22 2021 10:33:43 GMT-0500 (hora de Ecuador)
[debug] [2021-09-22T15:33:43.149Z] ----------------------------------------------------------------------
[debug] 
[debug] [2021-09-22T15:33:43.311Z] > command requires scopes: ["email","openid","https://www.googleapis.com/auth/cloudplatformprojects.readonly","https://www.googleapis.com/auth/firebase","https://www.googleapis.com/auth/cloud-platform"]
[debug] [2021-09-22T15:33:43.312Z] > authorizing via signed-in user (aguilakrakatoa@gmail.com)
[info] 
     ######## #### ########  ######## ########     ###     ######  ########
     ##        ##  ##     ## ##       ##     ##  ##   ##  ##       ##
     ######    ##  ########  ######   ########  #########  ######  ######
     ##        ##  ##    ##  ##       ##     ## ##     ##       ## ##
     ##       #### ##     ## ######## ########  ##     ##  ######  ########

You're about to initialize a Firebase project in this directory:

  C:\Users\guillermo.andrade01\WebstormProjects\prueba

Before we get started, keep in mind:

  * You are initializing within an existing Firebase project directory

[info] 
=== Project Setup
[info] 
[info] First, let's associate this project directory with a Firebase project.
[info] You can create multiple project aliases by running firebase use --add, 
[info] but for now we'll just set up a default project.
[info] 
[info] i  .firebaserc already has a default project, using auth-g-f18. 
[debug] [2021-09-22T15:34:42.919Z] > refreshing access token with scopes: []
[debug] [2021-09-22T15:34:42.921Z] >>> HTTP REQUEST POST https://www.googleapis.com/oauth2/v3/token  
 <request body omitted>
[debug] [2021-09-22T15:34:43.351Z] <<< HTTP RESPONSE 200 {"pragma":"no-cache","cache-control":"no-cache, no-store, max-age=0, must-revalidate","date":"Wed, 22 Sep 2021 15:34:44 GMT","expires":"Mon, 01 Jan 1990 00:00:00 GMT","content-type":"application/json; charset=utf-8","vary":"X-Origin, Referer, Origin,Accept-Encoding","server":"scaffolding on HTTPServer2","x-xss-protection":"0","x-frame-options":"SAMEORIGIN","x-content-type-options":"nosniff","alt-svc":"h3=\":443\"; ma=2592000,h3-29=\":443\"; ma=2592000,h3-T051=\":443\"; ma=2592000,h3-Q050=\":443\"; ma=2592000,h3-Q046=\":443\"; ma=2592000,h3-Q043=\":443\"; ma=2592000,quic=\":443\"; ma=2592000; v=\"46,43\"","accept-ranges":"none","transfer-encoding":"chunked"}
[debug] [2021-09-22T15:34:43.439Z] >>> [apiv2][query] GET https://firebase.googleapis.com/v1beta1/projects/auth-g-f18 [none]
[debug] [2021-09-22T15:34:43.897Z] <<< [apiv2][status] GET https://firebase.googleapis.com/v1beta1/projects/auth-g-f18 200
[debug] [2021-09-22T15:34:43.898Z] <<< [apiv2][body] GET https://firebase.googleapis.com/v1beta1/projects/auth-g-f18 {"projectId":"auth-g-f18","projectNumber":"258218051076","displayName":"auth-g-f18","name":"projects/auth-g-f18","resources":{"hostingSite":"auth-g-f18","storageBucket":"auth-g-f18.appspot.com","locationId":"us-central"},"state":"ACTIVE"}
[info] 
=== Hosting Setup
[info] 
[info] Your public directory is the folder (relative to your project directory) that
[info] will contain Hosting assets to be uploaded with firebase deploy. If you
[info] have a build process for your assets, use your build's output directory.
[info] 
[debug] [2021-09-22T15:35:46.072Z] >>> [apiv2][query] GET https://www.gstatic.com/firebasejs/releases.json [none]
[debug] [2021-09-22T15:35:46.372Z] <<< [apiv2][status] GET https://www.gstatic.com/firebasejs/releases.json 200
[debug] [2021-09-22T15:35:46.372Z] <<< [apiv2][body] GET https://www.gstatic.com/firebasejs/releases.json {"current":{"version":"9.0.2","browserURL":"https://www.gstatic.com/firebasejs/9.0.2/firebase.js","packageURL":"https://www.gstatic.com/firebasejs/9.0.2/firebase.tgz"},"live":{"version":"9.0","browserURL":"https://www.gstatic.com/firebasejs/live/9.0/firebase.js","packageURL":"https://www.gstatic.com/firebasejs/live/9.0/firebase.tgz"},"components":{"analytics":"https://www.gstatic.com/firebasejs/9.0.2/firebase-analytics.js","app":"https://www.gstatic.com/firebasejs/9.0.2/firebase-app.js","app-check":"https://www.gstatic.com/firebasejs/9.0.2/firebase-app-check.js","auth":"https://www.gstatic.com/firebasejs/9.0.2/firebase-auth.js","auth/cordova":"https://www.gstatic.com/firebasejs/9.0.2/firebase-auth/cordova.js","auth/react-native":"https://www.gstatic.com/firebasejs/9.0.2/firebase-auth/react-native.js","functions":"https://www.gstatic.com/firebasejs/9.0.2/firebase-functions.js","firestore":"https://www.gstatic.com/firebasejs/9.0.2/firebase-firestore.js","firestore/lite":"https://www.gstatic.com/firebasejs/9.0.2/firebase-firestore/lite.js","storage":"https://www.gstatic.com/firebasejs/9.0.2/firebase-storage.js","performance":"https://www.gstatic.com/firebasejs/9.0.2/firebase-performance.js","remote-config":"https://www.gstatic.com/firebasejs/9.0.2/firebase-remote-config.js","messaging":"https://www.gstatic.com/firebasejs/9.0.2/firebase-messaging.js","messaging/sw":"https://www.gstatic.com/firebasejs/9.0.2/firebase-messaging/sw.js","database":"https://www.gstatic.com/firebasejs/9.0.2/firebase-database.js","firestore.memory":"https://www.gstatic.com/firebasejs/9.0.2/firebase-firestore.memory.js"}}
[info] +  Wrote dist/index.html 
[info] 
[info] i  Detected a .git folder at C:\Users\guillermo.andrade01\WebstormProjects\prueba 
[info] i  Authorizing with GitHub to upload your service account to a GitHub repository's secrets store. 
[info] 
[info] Visit this URL on this device to log in:
[info] https://github.com/login/oauth/authorize?client_id=89cf50f02ac6aaed3484&state=369215065&redirect_uri=http%3A%2F%2Flocalhost%3A9005&scope=read%3Auser%20repo%20public_repo
[info] 
[info] Waiting for authentication...
[debug] [2021-09-22T15:35:48.183Z] >>> HTTP REQUEST POST https://github.com/login/oauth/access_token  
 {"client_id":"89cf50f02ac6aaed3484","client_secret":"3330d14abc895d9a74d5f17cd7a00711fa2c5bf0","code":"5a7f32e50862d7cc9b59","redirect_uri":"http://localhost:9005","state":"369215065"}
[debug] [2021-09-22T15:35:48.592Z] <<< HTTP RESPONSE 200 {"server":"GitHub.com","date":"Wed, 22 Sep 2021 15:35:49 GMT","content-type":"application/json; charset=utf-8","transfer-encoding":"chunked","vary":"X-PJAX, X-PJAX-Container, Accept-Encoding, Accept, X-Requested-With","permissions-policy":"interest-cohort=()","etag":"W/\"06588ea7fd70f964989e17467bca161e\"","cache-control":"max-age=0, private, must-revalidate","strict-transport-security":"max-age=31536000; includeSubdomains; preload","x-frame-options":"deny","x-content-type-options":"nosniff","x-xss-protection":"0","referrer-policy":"origin-when-cross-origin, strict-origin-when-cross-origin","expect-ct":"max-age=2592000, report-uri=\"https://api.github.com/_private/browser/errors\"","content-security-policy":"default-src 'none'; base-uri 'self'; block-all-mixed-content; child-src github.githubassets.com; connect-src 'self' uploads.github.com www.githubstatus.com collector.githubapp.com api.github.com github-cloud.s3.amazonaws.com github-production-repository-file-5c1aeb.s3.amazonaws.com github-production-upload-manifest-file-7fdce7.s3.amazonaws.com github-production-user-asset-6210df.s3.amazonaws.com cdn.optimizely.com logx.optimizely.com/v1/events translator.github.com wss://alive.github.com; font-src github.githubassets.com; form-action 'self' github.com gist.github.com; frame-ancestors 'none'; frame-src render.githubusercontent.com viewscreen.githubusercontent.com; img-src 'self' data: github.githubassets.com identicons.github.com collector.githubapp.com github-cloud.s3.amazonaws.com secured-user-images.githubusercontent.com/ *.githubusercontent.com; manifest-src 'self'; media-src github.com user-images.githubusercontent.com/; script-src github.githubassets.com; style-src 'unsafe-inline' github.githubassets.com; worker-src github.githubassets.com github.com/socket-worker-0af8a29d.js gist.github.com/socket-worker-0af8a29d.js","x-github-request-id":"F63D:2D3B:E1C0:180F8:614B4D55"}
[debug] [2021-09-22T15:35:48.600Z] >>> [apiv2][query] GET https://api.github.com/user [none]
[debug] [2021-09-22T15:35:49.106Z] <<< [apiv2][status] GET https://api.github.com/user 200
[debug] [2021-09-22T15:35:49.106Z] <<< [apiv2][body] GET https://api.github.com/user {"login":"ErickEpnf18","id":66393507,"node_id":"MDQ6VXNlcjY2MzkzNTA3","avatar_url":"https://avatars.githubusercontent.com/u/66393507?v=4","gravatar_id":"","url":"https://api.github.com/users/ErickEpnf18","html_url":"https://github.com/ErickEpnf18","followers_url":"https://api.github.com/users/ErickEpnf18/followers","following_url":"https://api.github.com/users/ErickEpnf18/following{/other_user}","gists_url":"https://api.github.com/users/ErickEpnf18/gists{/gist_id}","starred_url":"https://api.github.com/users/ErickEpnf18/starred{/owner}{/repo}","subscriptions_url":"https://api.github.com/users/ErickEpnf18/subscriptions","organizations_url":"https://api.github.com/users/ErickEpnf18/orgs","repos_url":"https://api.github.com/users/ErickEpnf18/repos","events_url":"https://api.github.com/users/ErickEpnf18/events{/privacy}","received_events_url":"https://api.github.com/users/ErickEpnf18/received_events","type":"User","site_admin":false,"name":"Erickf18","company":null,"blog":"","location":null,"email":null,"hireable":null,"bio":null,"twitter_username":null,"public_repos":46,"public_gists":0,"followers":0,"following":0,"created_at":"2020-06-03T23:26:46Z","updated_at":"2021-09-18T23:47:58Z","private_gists":0,"total_private_repos":4,"owned_private_repos":4,"disk_usage":25709,"collaborators":1,"two_factor_authentication":false,"plan":{"name":"pro","space":976562499,"collaborators":0,"private_repos":9999}}
[info] 
[info] +  Success! Logged into GitHub as ErickEpnf18 
[info] 
[debug] [2021-09-22T15:36:25.716Z] >>> [apiv2][query] GET https://api.github.com/repos/ErickEpnf18/advice-api-react/actions/secrets/public-key type=owner
[debug] [2021-09-22T15:36:26.119Z] <<< [apiv2][status] GET https://api.github.com/repos/ErickEpnf18/advice-api-react/actions/secrets/public-key 404
[debug] [2021-09-22T15:36:26.119Z] <<< [apiv2][body] GET https://api.github.com/repos/ErickEpnf18/advice-api-react/actions/secrets/public-key {"message":"Not Found","documentation_url":"https://docs.github.com/rest/reference/actions#get-a-repository-public-key"}
[debug] [2021-09-22T15:37:46.067Z] >>> [apiv2][query] GET https://api.github.com/repos//actions/secrets/public-key type=owner
[debug] [2021-09-22T15:37:46.452Z] <<< [apiv2][status] GET https://api.github.com/repos//actions/secrets/public-key 404
[debug] [2021-09-22T15:37:46.452Z] <<< [apiv2][body] GET https://api.github.com/repos//actions/secrets/public-key {"message":"Not Found","documentation_url":"https://docs.github.com/rest"}
